SF:lib\main.dart
DA:7,0
DA:8,0
DA:11,0
DA:12,0
DA:18,0
DA:19,0
DA:20,0
DA:22,0
DA:25,0
DA:29,1
DA:31,1
DA:33,1
DA:36,1
LF:13
LH:4
end_of_record
SF:lib\features\home\presentation\pages\home_page.dart
DA:6,1
DA:8,1
DA:9,1
DA:32,0
DA:33,0
DA:36,0
DA:38,0
DA:40,0
DA:42,0
DA:43,0
DA:44,0
DA:47,0
DA:48,0
DA:49,0
DA:50,0
DA:51,0
DA:52,0
DA:53,0
DA:54,0
DA:63,0
DA:64,0
DA:69,0
DA:70,0
DA:76,0
DA:82,0
DA:84,0
DA:85,0
DA:86,0
DA:87,0
DA:92,0
DA:94,0
DA:95,0
DA:96,0
DA:101,0
DA:104,0
DA:105,0
DA:106,0
DA:111,0
DA:113,0
DA:114,0
DA:115,0
DA:118,0
DA:127,0
DA:128,0
DA:138,0
DA:139,0
DA:140,0
DA:141,0
DA:144,0
DA:146,0
DA:167,0
DA:168,0
DA:169,0
DA:170,0
DA:173,0
DA:174,0
DA:177,0
DA:178,0
DA:179,0
DA:194,0
DA:195,0
DA:199,0
DA:200,0
DA:201,0
DA:202,0
DA:209,0
DA:210,0
DA:211,0
DA:212,0
DA:213,0
DA:214,0
DA:222,0
DA:224,0
DA:225,0
DA:226,0
DA:227,0
DA:230,0
DA:231,0
DA:234,0
DA:235,0
DA:237,0
DA:238,0
DA:240,0
DA:241,0
DA:243,0
DA:245,0
DA:247,0
DA:250,0
DA:251,0
DA:252,0
DA:253,0
DA:255,0
DA:269,0
DA:270,0
DA:272,0
DA:273,0
DA:274,0
DA:275,0
DA:276,0
DA:286,0
DA:287,0
DA:288,0
DA:289,0
DA:290,0
DA:297,0
DA:307,0
DA:308,0
DA:310,0
DA:312,0
DA:315,0
DA:322,0
DA:324,0
DA:325,0
DA:326,0
DA:328,0
DA:329,0
DA:330,0
DA:331,0
DA:332,0
DA:333,0
DA:341,0
DA:360,0
DA:361,0
DA:362,0
DA:363,0
DA:364,0
DA:366,0
DA:367,0
DA:370,0
DA:371,0
DA:372,0
DA:373,0
DA:380,0
DA:381,0
DA:383,0
DA:385,0
DA:386,0
DA:389,0
DA:390,0
DA:392,0
DA:400,0
DA:401,0
DA:403,0
DA:404,0
DA:407,0
DA:408,0
DA:409,0
DA:415,0
DA:417,0
DA:420,0
DA:421,0
DA:423,0
DA:425,0
DA:426,0
DA:427,0
DA:430,0
DA:432,0
DA:433,0
DA:434,0
DA:436,0
DA:438,0
DA:440,0
DA:441,0
DA:442,0
DA:443,0
DA:449,0
DA:451,0
DA:452,0
DA:455,0
DA:462,0
DA:464,0
DA:466,0
DA:467,0
DA:476,0
DA:484,0
DA:485,0
DA:489,0
DA:490,0
DA:505,0
DA:519,0
DA:525,0
DA:526,0
DA:532,0
DA:534,0
DA:536,0
DA:537,0
DA:538,0
DA:542,0
DA:543,0
DA:544,0
DA:545,0
DA:546,0
DA:547,0
DA:550,0
DA:552,0
DA:553,0
DA:554,0
DA:558,0
DA:559,0
DA:560,0
DA:561,0
LF:201
LH:3
end_of_record
SF:lib\firebase_options.dart
DA:18,0
DA:22,0
DA:23,0
DA:25,0
DA:27,0
DA:28,0
DA:32,0
DA:34,0
DA:35,0
DA:40,0
LF:10
LH:0
end_of_record
